<?xml version="1.0" encoding="UTF-8"?>
<!-- Generated by org.testng.reporters.JUnitXMLReporter -->
<testsuite hostname="DESKTOP-G26GLHD" ignored="2" tests="1" failures="0" timestamp="2019-10-16T16:59:55 GMT+04:00" time="12.293" errors="0">
  <testcase name="filedOrEmptyLoginTest" time="5.377" classname="Test"/>
  <testcase name="successLoginAndPassTest" time="0.0" classname="Test">
    <ignored/>
  </testcase> <!-- successLoginAndPassTest -->
  <testcase name="filedOrEmptyPassTest" time="0.0" classname="Test">
    <ignored/>
  </testcase> <!-- filedOrEmptyPassTest -->
</testsuite>
