<?xml version="1.0" encoding="UTF-8"?>
<!-- Generated by org.testng.reporters.JUnitXMLReporter -->
<testsuite hostname="DESKTOP-G26GLHD" ignored="2" tests="1" failures="0" timestamp="2019-10-18T00:02:38 GMT+04:00" time="11.46" errors="0">
  <testcase name="successLoginAndPassTest" time="3.735" classname="Test"/>
  <testcase name="filedOrEmptyLoginTest" time="0.0" classname="Test">
    <ignored/>
  </testcase> <!-- filedOrEmptyLoginTest -->
  <testcase name="filedOrEmptyPassTest" time="0.0" classname="Test">
    <ignored/>
  </testcase> <!-- filedOrEmptyPassTest -->
</testsuite>
