<?xml version="1.0" encoding="UTF-8"?>
<testng-results skipped="0" failed="0" ignored="10" total="15" passed="5">
  <reporter-output>
  </reporter-output>
  <suite name="LoginTest" duration-ms="67700" started-at="2019-10-18T00:02:26 GMT+04:00" finished-at="2019-10-18T00:03:34 GMT+04:00">
    <groups>
    </groups>
    <test name="SucessTestMail" duration-ms="11460" started-at="2019-10-18T00:02:26 GMT+04:00" finished-at="2019-10-18T00:02:38 GMT+04:00">
      <class name="Test">
        <test-method status="PASS" signature="setUp()[pri:0, instance:Test@a514af7]" name="setUp" is-config="true" duration-ms="4759" started-at="2019-10-18T00:02:26 GMT+04:00" finished-at="2019-10-18T00:02:31 GMT+04:00">
          <reporter-output>
          </reporter-output>
        </test-method> <!-- setUp -->
        <test-method status="PASS" signature="successLoginAndPassTest(java.lang.String, java.lang.String)[pri:0, instance:Test@a514af7]" name="successLoginAndPassTest" duration-ms="3735" started-at="2019-10-18T00:02:31 GMT+04:00" finished-at="2019-10-18T00:02:35 GMT+04:00">
          <params>
            <param index="0">
              <value>
                <![CDATA[test15102019]]>
              </value>
            </param>
            <param index="1">
              <value>
                <![CDATA[T1e2s3t4e5r6]]>
              </value>
            </param>
          </params>
          <reporter-output>
          </reporter-output>
        </test-method> <!-- successLoginAndPassTest -->
        <test-method status="PASS" signature="tearDown()[pri:0, instance:Test@a514af7]" name="tearDown" is-config="true" duration-ms="2879" started-at="2019-10-18T00:02:35 GMT+04:00" finished-at="2019-10-18T00:02:38 GMT+04:00">
          <reporter-output>
          </reporter-output>
        </test-method> <!-- tearDown -->
      </class> <!-- Test -->
    </test> <!-- SucessTestMail -->
    <test name="FiledLoginTestMail" duration-ms="12238" started-at="2019-10-18T00:02:38 GMT+04:00" finished-at="2019-10-18T00:02:50 GMT+04:00">
      <class name="Test">
        <test-method status="PASS" signature="setUp()[pri:0, instance:Test@399f45b1]" name="setUp" is-config="true" duration-ms="4100" started-at="2019-10-18T00:02:38 GMT+04:00" finished-at="2019-10-18T00:02:42 GMT+04:00">
          <reporter-output>
          </reporter-output>
        </test-method> <!-- setUp -->
        <test-method status="PASS" signature="filedOrEmptyLoginTest(java.lang.String, java.lang.String, java.lang.String)[pri:0, instance:Test@399f45b1]" name="filedOrEmptyLoginTest" duration-ms="5260" started-at="2019-10-18T00:02:42 GMT+04:00" finished-at="2019-10-18T00:02:47 GMT+04:00">
          <params>
            <param index="0">
              <value>
                <![CDATA[test151020111]]>
              </value>
            </param>
            <param index="1">
              <value>
                <![CDATA[T1e2s3t4e5r6]]>
              </value>
            </param>
            <param index="2">
              <value>
                <![CDATA[Неверное имя ящика]]>
              </value>
            </param>
          </params>
          <reporter-output>
          </reporter-output>
        </test-method> <!-- filedOrEmptyLoginTest -->
        <test-method status="PASS" signature="tearDown()[pri:0, instance:Test@399f45b1]" name="tearDown" is-config="true" duration-ms="2877" started-at="2019-10-18T00:02:47 GMT+04:00" finished-at="2019-10-18T00:02:50 GMT+04:00">
          <reporter-output>
          </reporter-output>
        </test-method> <!-- tearDown -->
      </class> <!-- Test -->
    </test> <!-- FiledLoginTestMail -->
    <test name="EmptyLoginTest" duration-ms="16257" started-at="2019-10-18T00:02:50 GMT+04:00" finished-at="2019-10-18T00:03:06 GMT+04:00">
      <class name="Test">
        <test-method status="PASS" signature="setUp()[pri:0, instance:Test@36bc55de]" name="setUp" is-config="true" duration-ms="8249" started-at="2019-10-18T00:02:50 GMT+04:00" finished-at="2019-10-18T00:02:58 GMT+04:00">
          <reporter-output>
          </reporter-output>
        </test-method> <!-- setUp -->
        <test-method status="PASS" signature="filedOrEmptyLoginTest(java.lang.String, java.lang.String, java.lang.String)[pri:0, instance:Test@36bc55de]" name="filedOrEmptyLoginTest" duration-ms="5132" started-at="2019-10-18T00:02:58 GMT+04:00" finished-at="2019-10-18T00:03:03 GMT+04:00">
          <params>
            <param index="0">
              <value>
                <![CDATA[]]>
              </value>
            </param>
            <param index="1">
              <value>
                <![CDATA[Lapshov128]]>
              </value>
            </param>
            <param index="2">
              <value>
                <![CDATA[Введите имя ящика]]>
              </value>
            </param>
          </params>
          <reporter-output>
          </reporter-output>
        </test-method> <!-- filedOrEmptyLoginTest -->
        <test-method status="PASS" signature="tearDown()[pri:0, instance:Test@36bc55de]" name="tearDown" is-config="true" duration-ms="2874" started-at="2019-10-18T00:03:03 GMT+04:00" finished-at="2019-10-18T00:03:06 GMT+04:00">
          <reporter-output>
          </reporter-output>
        </test-method> <!-- tearDown -->
      </class> <!-- Test -->
    </test> <!-- EmptyLoginTest -->
    <test name="FiledPassTestMail" duration-ms="12425" started-at="2019-10-18T00:03:06 GMT+04:00" finished-at="2019-10-18T00:03:19 GMT+04:00">
      <class name="Test">
        <test-method status="PASS" signature="setUp()[pri:0, instance:Test@223d2c72]" name="setUp" is-config="true" duration-ms="3995" started-at="2019-10-18T00:03:06 GMT+04:00" finished-at="2019-10-18T00:03:10 GMT+04:00">
          <reporter-output>
          </reporter-output>
        </test-method> <!-- setUp -->
        <test-method status="PASS" signature="filedOrEmptyPassTest(java.lang.String, java.lang.String, java.lang.String)[pri:0, instance:Test@223d2c72]" name="filedOrEmptyPassTest" duration-ms="5538" started-at="2019-10-18T00:03:10 GMT+04:00" finished-at="2019-10-18T00:03:16 GMT+04:00">
          <params>
            <param index="0">
              <value>
                <![CDATA[test15102019]]>
              </value>
            </param>
            <param index="1">
              <value>
                <![CDATA[test1510201]]>
              </value>
            </param>
            <param index="2">
              <value>
                <![CDATA[Неверное имя или пароль]]>
              </value>
            </param>
          </params>
          <reporter-output>
          </reporter-output>
        </test-method> <!-- filedOrEmptyPassTest -->
        <test-method status="PASS" signature="tearDown()[pri:0, instance:Test@223d2c72]" name="tearDown" is-config="true" duration-ms="2890" started-at="2019-10-18T00:03:16 GMT+04:00" finished-at="2019-10-18T00:03:19 GMT+04:00">
          <reporter-output>
          </reporter-output>
        </test-method> <!-- tearDown -->
      </class> <!-- Test -->
    </test> <!-- FiledPassTestMail -->
    <test name="EmptyPassTest" duration-ms="15293" started-at="2019-10-18T00:03:19 GMT+04:00" finished-at="2019-10-18T00:03:34 GMT+04:00">
      <class name="Test">
        <test-method status="PASS" signature="setUp()[pri:0, instance:Test@131774fe]" name="setUp" is-config="true" duration-ms="7027" started-at="2019-10-18T00:03:19 GMT+04:00" finished-at="2019-10-18T00:03:26 GMT+04:00">
          <reporter-output>
          </reporter-output>
        </test-method> <!-- setUp -->
        <test-method status="PASS" signature="filedOrEmptyPassTest(java.lang.String, java.lang.String, java.lang.String)[pri:0, instance:Test@131774fe]" name="filedOrEmptyPassTest" duration-ms="5353" started-at="2019-10-18T00:03:26 GMT+04:00" finished-at="2019-10-18T00:03:31 GMT+04:00">
          <params>
            <param index="0">
              <value>
                <![CDATA[Lapshov.av]]>
              </value>
            </param>
            <param index="1">
              <value>
                <![CDATA[]]>
              </value>
            </param>
            <param index="2">
              <value>
                <![CDATA[Введите пароль]]>
              </value>
            </param>
          </params>
          <reporter-output>
          </reporter-output>
        </test-method> <!-- filedOrEmptyPassTest -->
        <test-method status="PASS" signature="tearDown()[pri:0, instance:Test@131774fe]" name="tearDown" is-config="true" duration-ms="2913" started-at="2019-10-18T00:03:31 GMT+04:00" finished-at="2019-10-18T00:03:34 GMT+04:00">
          <reporter-output>
          </reporter-output>
        </test-method> <!-- tearDown -->
      </class> <!-- Test -->
    </test> <!-- EmptyPassTest -->
  </suite> <!-- LoginTest -->
</testng-results>
