<?xml version="1.0" encoding="UTF-8"?>
<testng-results skipped="0" failed="0" ignored="10" total="15" passed="5">
  <reporter-output>
  </reporter-output>
  <suite name="LoginTest" duration-ms="60733" started-at="2019-10-16T16:59:32 GMT+04:00" finished-at="2019-10-16T17:00:33 GMT+04:00">
    <groups>
    </groups>
    <test name="SucessTestMail" duration-ms="10783" started-at="2019-10-16T16:59:32 GMT+04:00" finished-at="2019-10-16T16:59:43 GMT+04:00">
      <class name="Test">
        <test-method status="PASS" signature="setUp()[pri:0, instance:Test@4fb61f4a]" name="setUp" is-config="true" duration-ms="4586" started-at="2019-10-16T16:59:32 GMT+04:00" finished-at="2019-10-16T16:59:37 GMT+04:00">
          <reporter-output>
          </reporter-output>
        </test-method> <!-- setUp -->
        <test-method status="PASS" signature="successLoginAndPassTest(java.lang.String, java.lang.String)[pri:0, instance:Test@4fb61f4a]" name="successLoginAndPassTest" duration-ms="3224" started-at="2019-10-16T16:59:37 GMT+04:00" finished-at="2019-10-16T16:59:40 GMT+04:00">
          <params>
            <param index="0">
              <value>
                <![CDATA[test15102019]]>
              </value>
            </param>
            <param index="1">
              <value>
                <![CDATA[T1e2s3t4e5r6]]>
              </value>
            </param>
          </params>
          <reporter-output>
          </reporter-output>
        </test-method> <!-- successLoginAndPassTest -->
        <test-method status="PASS" signature="tearDown()[pri:0, instance:Test@4fb61f4a]" name="tearDown" is-config="true" duration-ms="2872" started-at="2019-10-16T16:59:40 GMT+04:00" finished-at="2019-10-16T16:59:43 GMT+04:00">
          <reporter-output>
          </reporter-output>
        </test-method> <!-- tearDown -->
      </class> <!-- Test -->
    </test> <!-- SucessTestMail -->
    <test name="FiledLoginTestMail" duration-ms="12293" started-at="2019-10-16T16:59:43 GMT+04:00" finished-at="2019-10-16T16:59:55 GMT+04:00">
      <class name="Test">
        <test-method status="PASS" signature="setUp()[pri:0, instance:Test@79e2c065]" name="setUp" is-config="true" duration-ms="4048" started-at="2019-10-16T16:59:43 GMT+04:00" finished-at="2019-10-16T16:59:47 GMT+04:00">
          <reporter-output>
          </reporter-output>
        </test-method> <!-- setUp -->
        <test-method status="PASS" signature="filedOrEmptyLoginTest(java.lang.String, java.lang.String, java.lang.String)[pri:0, instance:Test@79e2c065]" name="filedOrEmptyLoginTest" duration-ms="5377" started-at="2019-10-16T16:59:47 GMT+04:00" finished-at="2019-10-16T16:59:52 GMT+04:00">
          <params>
            <param index="0">
              <value>
                <![CDATA[test151020111]]>
              </value>
            </param>
            <param index="1">
              <value>
                <![CDATA[T1e2s3t4e5r6]]>
              </value>
            </param>
            <param index="2">
              <value>
                <![CDATA[Неверное имя ящика]]>
              </value>
            </param>
          </params>
          <reporter-output>
          </reporter-output>
        </test-method> <!-- filedOrEmptyLoginTest -->
        <test-method status="PASS" signature="tearDown()[pri:0, instance:Test@79e2c065]" name="tearDown" is-config="true" duration-ms="2867" started-at="2019-10-16T16:59:52 GMT+04:00" finished-at="2019-10-16T16:59:55 GMT+04:00">
          <reporter-output>
          </reporter-output>
        </test-method> <!-- tearDown -->
      </class> <!-- Test -->
    </test> <!-- FiledLoginTestMail -->
    <test name="EmptyLoginTest" duration-ms="12025" started-at="2019-10-16T16:59:55 GMT+04:00" finished-at="2019-10-16T17:00:07 GMT+04:00">
      <class name="Test">
        <test-method status="PASS" signature="setUp()[pri:0, instance:Test@49ec71f8]" name="setUp" is-config="true" duration-ms="3947" started-at="2019-10-16T16:59:55 GMT+04:00" finished-at="2019-10-16T16:59:59 GMT+04:00">
          <reporter-output>
          </reporter-output>
        </test-method> <!-- setUp -->
        <test-method status="PASS" signature="filedOrEmptyLoginTest(java.lang.String, java.lang.String, java.lang.String)[pri:0, instance:Test@49ec71f8]" name="filedOrEmptyLoginTest" duration-ms="5222" started-at="2019-10-16T16:59:59 GMT+04:00" finished-at="2019-10-16T17:00:04 GMT+04:00">
          <params>
            <param index="0">
              <value>
                <![CDATA[]]>
              </value>
            </param>
            <param index="1">
              <value>
                <![CDATA[Lapshov128]]>
              </value>
            </param>
            <param index="2">
              <value>
                <![CDATA[Введите имя ящика]]>
              </value>
            </param>
          </params>
          <reporter-output>
          </reporter-output>
        </test-method> <!-- filedOrEmptyLoginTest -->
        <test-method status="PASS" signature="tearDown()[pri:0, instance:Test@49ec71f8]" name="tearDown" is-config="true" duration-ms="2853" started-at="2019-10-16T17:00:04 GMT+04:00" finished-at="2019-10-16T17:00:07 GMT+04:00">
          <reporter-output>
          </reporter-output>
        </test-method> <!-- tearDown -->
      </class> <!-- Test -->
    </test> <!-- EmptyLoginTest -->
    <test name="FiledPassTestMail" duration-ms="12785" started-at="2019-10-16T17:00:07 GMT+04:00" finished-at="2019-10-16T17:00:20 GMT+04:00">
      <class name="Test">
        <test-method status="PASS" signature="setUp()[pri:0, instance:Test@74fe5c40]" name="setUp" is-config="true" duration-ms="4447" started-at="2019-10-16T17:00:07 GMT+04:00" finished-at="2019-10-16T17:00:12 GMT+04:00">
          <reporter-output>
          </reporter-output>
        </test-method> <!-- setUp -->
        <test-method status="PASS" signature="filedOrEmptyPassTest(java.lang.String, java.lang.String, java.lang.String)[pri:0, instance:Test@74fe5c40]" name="filedOrEmptyPassTest" duration-ms="5484" started-at="2019-10-16T17:00:12 GMT+04:00" finished-at="2019-10-16T17:00:17 GMT+04:00">
          <params>
            <param index="0">
              <value>
                <![CDATA[test15102019]]>
              </value>
            </param>
            <param index="1">
              <value>
                <![CDATA[test1510201]]>
              </value>
            </param>
            <param index="2">
              <value>
                <![CDATA[Неверное имя или пароль]]>
              </value>
            </param>
          </params>
          <reporter-output>
          </reporter-output>
        </test-method> <!-- filedOrEmptyPassTest -->
        <test-method status="PASS" signature="tearDown()[pri:0, instance:Test@74fe5c40]" name="tearDown" is-config="true" duration-ms="2853" started-at="2019-10-16T17:00:17 GMT+04:00" finished-at="2019-10-16T17:00:20 GMT+04:00">
          <reporter-output>
          </reporter-output>
        </test-method> <!-- tearDown -->
      </class> <!-- Test -->
    </test> <!-- FiledPassTestMail -->
    <test name="EmptyPassTest" duration-ms="12787" started-at="2019-10-16T17:00:20 GMT+04:00" finished-at="2019-10-16T17:00:33 GMT+04:00">
      <class name="Test">
        <test-method status="PASS" signature="setUp()[pri:0, instance:Test@7f3b84b8]" name="setUp" is-config="true" duration-ms="4377" started-at="2019-10-16T17:00:20 GMT+04:00" finished-at="2019-10-16T17:00:24 GMT+04:00">
          <reporter-output>
          </reporter-output>
        </test-method> <!-- setUp -->
        <test-method status="PASS" signature="filedOrEmptyPassTest(java.lang.String, java.lang.String, java.lang.String)[pri:0, instance:Test@7f3b84b8]" name="filedOrEmptyPassTest" duration-ms="5544" started-at="2019-10-16T17:00:24 GMT+04:00" finished-at="2019-10-16T17:00:30 GMT+04:00">
          <params>
            <param index="0">
              <value>
                <![CDATA[Lapshov.av]]>
              </value>
            </param>
            <param index="1">
              <value>
                <![CDATA[]]>
              </value>
            </param>
            <param index="2">
              <value>
                <![CDATA[Введите пароль]]>
              </value>
            </param>
          </params>
          <reporter-output>
          </reporter-output>
        </test-method> <!-- filedOrEmptyPassTest -->
        <test-method status="PASS" signature="tearDown()[pri:0, instance:Test@7f3b84b8]" name="tearDown" is-config="true" duration-ms="2863" started-at="2019-10-16T17:00:30 GMT+04:00" finished-at="2019-10-16T17:00:33 GMT+04:00">
          <reporter-output>
          </reporter-output>
        </test-method> <!-- tearDown -->
      </class> <!-- Test -->
    </test> <!-- EmptyPassTest -->
  </suite> <!-- LoginTest -->
</testng-results>
